<?xml version="1.0" encoding="UTF-8"?>
<!-- Generated by org.testng.reporters.JUnitXMLReporter -->
<testsuite hostname="Voice-ПК" name="Default test" tests="3" failures="0" timestamp="25 Oct 2013 09:53:29 GMT" time="18.424" errors="0">
  <testcase name="blocksOnMusic" time="8.445" classname="content.Bloks"/>
  <testcase name="BlocksOnNovinki" time="2.693" classname="content.Bloks"/>
  <testcase name="BlocksOnKazah" time="3.081" classname="content.Bloks"/>
</testsuite> <!-- Default test -->
