<?xml version="1.0" encoding="UTF-8"?>
<!-- Generated by org.testng.reporters.JUnitXMLReporter -->
<testsuite hostname="Voice-ПК" name="Default test" tests="6" failures="0" timestamp="5 Nov 2013 16:07:10 GMT" time="88.661" errors="0">
  <testcase name="LogIn" time="22.574" classname="user.Login"/>
  <testcase name="MusicHeader" time="37.868" classname="content.Headers"/>
  <testcase name="NovinkiHeader" time="7.072" classname="content.Headers"/>
  <testcase name="UploadHeader" time="4.198" classname="content.Headers"/>
  <testcase name="PlaylistHeader" time="10.314" classname="content.Headers"/>
  <testcase name="KazahHeader" time="4.95" classname="content.Headers"/>
</testsuite> <!-- Default test -->
