<?xml version="1.0" encoding="UTF-8"?>
<!-- Generated by org.testng.reporters.JUnitXMLReporter -->
<testsuite hostname="Voice-ПК" name="Test" tests="6" failures="0" timestamp="23 Oct 2013 12:45:53 GMT" time="39.46" errors="0">
  <testcase name="LogIn" time="15.384" classname="user.Login"/>
  <testcase name="NovinkiHeader" time="6.963" classname="content.Headers"/>
  <testcase name="KazahHeader" time="4.949" classname="content.Headers"/>
  <testcase name="UploadHeader" time="3.228" classname="content.Headers"/>
  <testcase name="PlaylistHeader" time="3.809" classname="content.Headers"/>
  <testcase name="MusicHeader" time="3.373" classname="content.Headers"/>
</testsuite> <!-- Test -->
