<?xml version="1.0" encoding="UTF-8"?>
<!-- Generated by org.testng.reporters.JUnitXMLReporter -->
<testsuite hostname="Voice-ПК" name="Test" tests="19" failures="0" timestamp="25 Oct 2013 10:55:55 GMT" time="65.934" errors="0">
  <testcase name="LogIn" time="13.391" classname="user.Login"/>
  <testcase name="PlayMusic" time="6.332" classname="content.PlayMusicOnLand"/>
  <testcase name="MusicGenres" time="3.112" classname="content.Genres"/>
  <testcase name="socialOnMusic" time="1.887" classname="content.SocialLinks"/>
  <testcase name="blocksOnMusic" time="1.57" classname="content.Bloks"/>
  <testcase name="MusicArtists" time="2.618" classname="content.Artists"/>
  <testcase name="KazahGenres" time="3.201" classname="content.Genres"/>
  <testcase name="socialOnNovinki" time="3.208" classname="content.SocialLinks"/>
  <testcase name="BlocksOnNovinki" time="1.91" classname="content.Bloks"/>
  <testcase name="NovinkiArtists" time="2.556" classname="content.Artists"/>
  <testcase name="socialOnKazah" time="3.84" classname="content.SocialLinks"/>
  <testcase name="BlocksOnKazah" time="4.303" classname="content.Bloks"/>
  <testcase name="KazahArtists" time="1.894" classname="content.Artists"/>
  <testcase name="socialOnPlaylist" time="1.205" classname="content.SocialLinks"/>
  <testcase name="MusicHeader" time="2.774" classname="content.Headers"/>
  <testcase name="NovinkiHeader" time="3.17" classname="content.Headers"/>
  <testcase name="KazahHeader" time="2.683" classname="content.Headers"/>
  <testcase name="PlaylistHeader" time="2.272" classname="content.Headers"/>
  <testcase name="UploadHeader" time="2.321" classname="content.Headers"/>
</testsuite> <!-- Test -->
