<?xml version="1.0" encoding="UTF-8"?>
<testng-results skipped="0" failed="0" total="23" passed="23">
  <reporter-output>
    <line>
      <![CDATA[На странице http://music.nur.kz/audio_kz неотображается линк <<Казахская>>]]>
    </line>
  </reporter-output>
  <suite name="Suite" duration-ms="104960" started-at="2013-10-31T15:59:33Z" finished-at="2013-10-31T16:01:18Z">
    <groups>
      <group name="Login">
        <method signature="Login.LogIn()[pri:0, instance:user.Login@33fe5528]" name="LogIn" class="user.Login"/>
      </group> <!-- Login -->
      <group name="Header">
        <method signature="Headers.KazahHeader()[pri:0, instance:content.Headers@3a008301]" name="KazahHeader" class="content.Headers"/>
        <method signature="Headers.MusicHeader()[pri:0, instance:content.Headers@3a008301]" name="MusicHeader" class="content.Headers"/>
        <method signature="Headers.NovinkiHeader()[pri:0, instance:content.Headers@3a008301]" name="NovinkiHeader" class="content.Headers"/>
        <method signature="Headers.PlaylistHeader()[pri:0, instance:content.Headers@3a008301]" name="PlaylistHeader" class="content.Headers"/>
        <method signature="Headers.UploadHeader()[pri:0, instance:content.Headers@3a008301]" name="UploadHeader" class="content.Headers"/>
      </group> <!-- Header -->
      <group name="Soclinks">
        <method signature="SocialLinks.socialOnKazah()[pri:0, instance:content.SocialLinks@7798d466]" name="socialOnKazah" class="content.SocialLinks"/>
        <method signature="SocialLinks.socialOnMusic()[pri:0, instance:content.SocialLinks@7798d466]" name="socialOnMusic" class="content.SocialLinks"/>
        <method signature="SocialLinks.socialOnNovinki()[pri:0, instance:content.SocialLinks@7798d466]" name="socialOnNovinki" class="content.SocialLinks"/>
        <method signature="SocialLinks.socialOnPlaylist()[pri:0, instance:content.SocialLinks@7798d466]" name="socialOnPlaylist" class="content.SocialLinks"/>
      </group> <!-- Soclinks -->
      <group name="Upload">
        <method signature="Upload.UploadTrack()[pri:0, instance:upload.Upload@7e264154]" name="UploadTrack" class="upload.Upload"/>
      </group> <!-- Upload -->
    </groups>
    <test name="Test" duration-ms="104960" started-at="2013-10-31T15:59:33Z" finished-at="2013-10-31T16:01:18Z">
      <class name="content.Artists">
        <test-method status="PASS" signature="MusicArtists()[pri:0, instance:content.Artists@52a0b1e1]" name="MusicArtists" duration-ms="4607" started-at="2013-10-31T18:00:08Z" description="Проверяет отображение артистов на &lt;&lt;Музыка&gt;&gt;" finished-at="2013-10-31T18:00:12Z">
          <reporter-output>
          </reporter-output>
        </test-method> <!-- MusicArtists -->
        <test-method status="PASS" signature="NovinkiArtists()[pri:0, instance:content.Artists@52a0b1e1]" name="NovinkiArtists" duration-ms="1890" started-at="2013-10-31T18:00:22Z" description="Проверяет отображение артистов на &lt;&lt;Новинки&gt;&gt;" finished-at="2013-10-31T18:00:23Z">
          <reporter-output>
          </reporter-output>
        </test-method> <!-- NovinkiArtists -->
        <test-method status="PASS" signature="KazahArtists()[pri:0, instance:content.Artists@52a0b1e1]" name="KazahArtists" duration-ms="4562" started-at="2013-10-31T18:00:34Z" description="Проверяет отображение артистов на &lt;&lt;Казахстанская&gt;&gt;" finished-at="2013-10-31T18:00:38Z">
          <reporter-output>
          </reporter-output>
        </test-method> <!-- KazahArtists -->
      </class> <!-- content.Artists -->
      <class name="content.SocialLinks">
        <test-method status="PASS" signature="socialOnMusic()[pri:0, instance:content.SocialLinks@7798d466]" name="socialOnMusic" duration-ms="4971" started-at="2013-10-31T18:00:03Z" description="Проверяет отображение блока соц сетей на  &lt;&lt;Музыка&gt;&gt;" finished-at="2013-10-31T18:00:08Z">
          <reporter-output>
          </reporter-output>
        </test-method> <!-- socialOnMusic -->
        <test-method status="PASS" signature="socialOnNovinki()[pri:0, instance:content.SocialLinks@7798d466]" name="socialOnNovinki" duration-ms="2505" started-at="2013-10-31T18:00:19Z" description="Проверяет отображение блока соц сетей на  &lt;&lt;Новинки&gt;&gt;" finished-at="2013-10-31T18:00:22Z">
          <reporter-output>
          </reporter-output>
        </test-method> <!-- socialOnNovinki -->
        <test-method status="PASS" signature="socialOnKazah()[pri:0, instance:content.SocialLinks@7798d466]" name="socialOnKazah" duration-ms="4311" started-at="2013-10-31T18:00:30Z" description="Проверяет отображение блока соц сетей на  &lt;&lt;Казахстанская&gt;&gt;" finished-at="2013-10-31T18:00:34Z">
          <reporter-output>
          </reporter-output>
        </test-method> <!-- socialOnKazah -->
        <test-method status="PASS" signature="socialOnPlaylist()[pri:0, instance:content.SocialLinks@7798d466]" name="socialOnPlaylist" duration-ms="1385" started-at="2013-10-31T18:00:41Z" description="Проверяет отображение блока соц сетей на  &lt;&lt;Мой плейлист&gt;&gt;" finished-at="2013-10-31T18:00:43Z">
          <reporter-output>
          </reporter-output>
        </test-method> <!-- socialOnPlaylist -->
      </class> <!-- content.SocialLinks -->
      <class name="user.Login">
        <test-method status="PASS" signature="LogIn()[pri:0, instance:user.Login@33fe5528]" name="LogIn" duration-ms="16892" started-at="2013-10-31T17:59:33Z" description="Тестируем логин" finished-at="2013-10-31T17:59:50Z">
          <reporter-output>
          </reporter-output>
        </test-method> <!-- LogIn -->
      </class> <!-- user.Login -->
      <class name="content.Genres">
        <test-method status="PASS" signature="getWebDriver()[pri:0, instance:content.Genres@4582c6dc]" name="getWebDriver" is-config="true" duration-ms="18" started-at="2013-10-31T17:59:33Z" finished-at="2013-10-31T17:59:33Z">
          <reporter-output>
          </reporter-output>
        </test-method> <!-- getWebDriver -->
        <test-method status="PASS" signature="MusicGenres()[pri:0, instance:content.Genres@4582c6dc]" name="MusicGenres" duration-ms="3757" started-at="2013-10-31T17:59:59Z" description="Проверяет отображение жанров на  &lt;&lt;Музыка&gt;&gt;" finished-at="2013-10-31T18:00:03Z">
          <reporter-output>
          </reporter-output>
        </test-method> <!-- MusicGenres -->
        <test-method status="PASS" signature="KazahGenres()[pri:0, instance:content.Genres@4582c6dc]" name="KazahGenres" duration-ms="3127" started-at="2013-10-31T18:00:16Z" description="Проверяет отображение жанров на &lt;&lt;Казахстанская&gt;&gt;" finished-at="2013-10-31T18:00:19Z">
          <reporter-output>
          </reporter-output>
        </test-method> <!-- KazahGenres -->
        <test-method status="PASS" signature="thearDown()[pri:0, instance:content.Genres@4582c6dc]" name="thearDown" is-config="true" duration-ms="1671" started-at="2013-10-31T18:01:17Z" finished-at="2013-10-31T18:01:18Z">
          <reporter-output>
          </reporter-output>
        </test-method> <!-- thearDown -->
      </class> <!-- content.Genres -->
      <class name="content.BlokTitles">
        <test-method status="PASS" signature="MusicTitles()[pri:0, instance:content.BlokTitles@39677ff0]" name="MusicTitles" duration-ms="1912" started-at="2013-10-31T18:00:14Z" description="Проверяет отображение имени блока на &lt;&lt;Музыка&gt;&gt;" finished-at="2013-10-31T18:00:16Z">
          <reporter-output>
          </reporter-output>
        </test-method> <!-- MusicTitles -->
        <test-method status="PASS" signature="NovinkiTitles()[pri:0, instance:content.BlokTitles@39677ff0]" name="NovinkiTitles" duration-ms="4181" started-at="2013-10-31T18:00:25Z" description="Проверяет отображение имен блоков на  &lt;&lt;Новинки&gt;&gt;" finished-at="2013-10-31T18:00:30Z">
          <reporter-output>
          </reporter-output>
        </test-method> <!-- NovinkiTitles -->
        <test-method status="PASS" signature="KazahTitles()[pri:0, instance:content.BlokTitles@39677ff0]" name="KazahTitles" duration-ms="1309" started-at="2013-10-31T18:00:40Z" description="Проверяет отображение имен блоков на  &lt;&lt;Казахстанская&gt;&gt;" finished-at="2013-10-31T18:00:41Z">
          <reporter-output>
          </reporter-output>
        </test-method> <!-- KazahTitles -->
      </class> <!-- content.BlokTitles -->
      <class name="content.Bloks">
        <test-method status="PASS" signature="blocksOnMusic()[pri:0, instance:content.Bloks@1d3ef34f]" name="blocksOnMusic" duration-ms="1677" started-at="2013-10-31T18:00:12Z" description="Проверяет отображение блоков на  &lt;&lt;Музыка&gt;&gt;" finished-at="2013-10-31T18:00:14Z">
          <reporter-output>
          </reporter-output>
        </test-method> <!-- blocksOnMusic -->
        <test-method status="PASS" signature="BlocksOnNovinki()[pri:0, instance:content.Bloks@1d3ef34f]" name="BlocksOnNovinki" duration-ms="1891" started-at="2013-10-31T18:00:23Z" description="Проверяет оображение блоков на &lt;&lt;Новинки&gt;&gt;" finished-at="2013-10-31T18:00:25Z">
          <reporter-output>
          </reporter-output>
        </test-method> <!-- BlocksOnNovinki -->
        <test-method status="PASS" signature="BlocksOnKazah()[pri:0, instance:content.Bloks@1d3ef34f]" name="BlocksOnKazah" duration-ms="1454" started-at="2013-10-31T18:00:38Z" description="Проверяет отображение блоков на  &lt;&lt;Казахстанская&gt;&gt;" finished-at="2013-10-31T18:00:40Z">
          <reporter-output>
          </reporter-output>
        </test-method> <!-- BlocksOnKazah -->
      </class> <!-- content.Bloks -->
      <class name="content.PlayMusicOnLand">
        <test-method status="PASS" signature="PlayMusic()[pri:0, instance:content.PlayMusicOnLand@710b34b7]" name="PlayMusic" duration-ms="8656" started-at="2013-10-31T17:59:50Z" description="Проверяет играет ли трек на странице скачки" finished-at="2013-10-31T17:59:59Z">
          <reporter-output>
          </reporter-output>
        </test-method> <!-- PlayMusic -->
      </class> <!-- content.PlayMusicOnLand -->
      <class name="content.Headers">
        <test-method status="PASS" signature="MusicHeader()[pri:0, instance:content.Headers@3a008301]" name="MusicHeader" duration-ms="5461" depends-on-groups="Login" started-at="2013-10-31T18:00:54Z" description="Проверяем ссылки на шапке &lt;&lt;Музыка&gt;&gt;" finished-at="2013-10-31T18:01:00Z">
          <reporter-output>
          </reporter-output>
        </test-method> <!-- MusicHeader -->
        <test-method status="PASS" signature="NovinkiHeader()[pri:0, instance:content.Headers@3a008301]" name="NovinkiHeader" duration-ms="3334" depends-on-groups="Login" started-at="2013-10-31T18:01:00Z" description="Проверяем ссылки на шапке &lt;&lt;Новинки&gt;&gt;" finished-at="2013-10-31T18:01:03Z">
          <reporter-output>
          </reporter-output>
        </test-method> <!-- NovinkiHeader -->
        <test-method status="PASS" signature="KazahHeader()[pri:0, instance:content.Headers@3a008301]" name="KazahHeader" duration-ms="3487" depends-on-groups="Login" started-at="2013-10-31T18:01:03Z" description="Проверяем ссылки на шапке &lt;&lt;Казахская&gt;&gt;" finished-at="2013-10-31T18:01:07Z">
          <reporter-output>
            <line>
              <![CDATA[На странице http://music.nur.kz/audio_kz неотображается линк <<Казахская>>]]>
            </line>
          </reporter-output>
        </test-method> <!-- KazahHeader -->
        <test-method status="PASS" signature="PlaylistHeader()[pri:0, instance:content.Headers@3a008301]" name="PlaylistHeader" duration-ms="5039" depends-on-groups="Login" started-at="2013-10-31T18:01:07Z" description="Проверяем ссылки на шапке &lt;&lt;Мой плейлист&gt;&gt;" finished-at="2013-10-31T18:01:12Z">
          <reporter-output>
          </reporter-output>
        </test-method> <!-- PlaylistHeader -->
        <test-method status="PASS" signature="UploadHeader()[pri:0, instance:content.Headers@3a008301]" name="UploadHeader" duration-ms="4959" depends-on-groups="Login" started-at="2013-10-31T18:01:12Z" description="Проверяем ссылки на шапке &lt;&lt;Загрузить&gt;&gt;" finished-at="2013-10-31T18:01:17Z">
          <reporter-output>
          </reporter-output>
        </test-method> <!-- UploadHeader -->
      </class> <!-- content.Headers -->
      <class name="upload.Upload">
        <test-method status="PASS" signature="UploadTrack()[pri:0, instance:upload.Upload@7e264154]" name="UploadTrack" duration-ms="11877" depends-on-groups="Login" started-at="2013-10-31T18:00:43Z" description="Проверяет загрузку треков на сайт" finished-at="2013-10-31T18:00:54Z">
          <reporter-output>
          </reporter-output>
        </test-method> <!-- UploadTrack -->
      </class> <!-- upload.Upload -->
    </test> <!-- Test -->
  </suite> <!-- Suite -->
</testng-results>
