<?xml version="1.0" encoding="UTF-8"?>
<testsuite name="TestSuite" time="133.922" tests="23" errors="0" skipped="0" failures="1">
  <properties>
[...]
</properties>
  <testcase name="LogIn" classname="user.Login" time="25.315"/>
  <testcase name="PlayMusic" classname="content.PlayMusicOnLand" time="14.663"/>
  <testcase name="MusicGenres" classname="content.Genres" time="5.519"/>
  <testcase name="socialOnMusic" classname="content.SocialLinks" time="6.017"/>
  <testcase name="blocksOnMusic" classname="content.Bloks" time="2.263"/>
  <testcase name="MusicTitles" classname="content.BlokTitles" time="3.111"/>
  <testcase name="MusicArtists" classname="content.Artists" time="5.863"/>
  <testcase name="KazahGenres" classname="content.Genres" time="5.217"/>
  <testcase name="socialOnNovinki" classname="content.SocialLinks" time="4.525"/>
  <testcase name="BlocksOnNovinki" classname="content.Bloks" time="2.192"/>
  <testcase name="NovinkiTitles" classname="content.BlokTitles" time="2.767"/>
  <testcase name="NovinkiArtists" classname="content.Artists" time="5.251"/>
  <testcase name="socialOnKazah" classname="content.SocialLinks" time="7.15"/>
  <testcase name="BlocksOnKazah" classname="content.Bloks" time="8.781"/>
  <testcase name="KazahTitles" classname="content.BlokTitles" time="2.366"/>
  <testcase name="KazahArtists" classname="content.Artists" time="3.292"/>
  <testcase name="socialOnPlaylist" classname="content.SocialLinks" time="1.869"/>
  <testcase name="MusicHeader" classname="content.Headers" time="3.676"/>
  <testcase name="UploadTrack" classname="upload.Upload" time="3.414">
    <failure message="Cannot run program &quot;resource/upload.exe&quot;: CreateProcess error=2, Íå óäàåòñÿ íàéòè óêàçàííûé ôàéë" type="java.io.IOException"><![CDATA[java.io.IOException: Cannot run program "resource/upload.exe": CreateProcess error=2, Íå óäàåòñÿ íàéòè óêàçàííûé ôàéë
	at java.lang.ProcessImpl.create(Native Method)
	at java.lang.ProcessImpl.<init>(ProcessImpl.java:376)
	at java.lang.ProcessImpl.start(ProcessImpl.java:136)
	at java.lang.ProcessBuilder.start(ProcessBuilder.java:1022)
	at java.lang.Runtime.exec(Runtime.java:617)
	at java.lang.Runtime.exec(Runtime.java:450)
	at java.lang.Runtime.exec(Runtime.java:347)
	at upload.Upload.UploadTrack(Upload.java:25)
]]></failure>
    <system-out>--------------------------------------------------
null
STARTED: [Class=Upload] [Method=UploadTrack]
</system-out>
  </testcase>
  <testcase name="NovinkiHeader" classname="content.Headers" time="3.814"/>
  <testcase name="KazahHeader" classname="content.Headers" time="3.845"/>
  <testcase name="PlaylistHeader" classname="content.Headers" time="8.682"/>
  <testcase name="UploadHeader" classname="content.Headers" time="4.33"/>
</testsuite>