<?xml version="1.0" encoding="UTF-8"?>
<testsuite name="TestSuite" time="75.726" tests="23" errors="0" skipped="0" failures="1">
  <properties>
[...]
</properties>
  <testcase name="LogIn" classname="user.Login" time="10.265"/>
  <testcase name="PlayMusic" classname="content.PlayMusicOnLand" time="13.078"/>
  <testcase name="MusicGenres" classname="content.Genres" time="3.459"/>
  <testcase name="socialOnMusic" classname="content.SocialLinks" time="2.006"/>
  <testcase name="MusicArtists" classname="content.Artists" time="2.069"/>
  <testcase name="blocksOnMusic" classname="content.Bloks" time="2.044"/>
  <testcase name="MusicTitles" classname="content.BlokTitles" time="1.744"/>
  <testcase name="KazahGenres" classname="content.Genres" time="3.135"/>
  <testcase name="socialOnNovinki" classname="content.SocialLinks" time="2.362"/>
  <testcase name="NovinkiArtists" classname="content.Artists" time="2.211"/>
  <testcase name="BlocksOnNovinki" classname="content.Bloks" time="1.579"/>
  <testcase name="NovinkiTitles" classname="content.BlokTitles" time="1.766"/>
  <testcase name="socialOnKazah" classname="content.SocialLinks" time="1.875"/>
  <testcase name="KazahArtists" classname="content.Artists" time="1.974"/>
  <testcase name="BlocksOnKazah" classname="content.Bloks" time="1.37"/>
  <testcase name="KazahTitles" classname="content.BlokTitles" time="1.804"/>
  <testcase name="socialOnPlaylist" classname="content.SocialLinks" time="1.934"/>
  <testcase name="UploadTrack" classname="upload.Upload" time="4.03">
    <failure message="Cannot run program &quot;resource/upload_scrpt.exe&quot;: CreateProcess error=2, Íå óäàåòñÿ íàéòè óêàçàííûé ôàéë" type="java.io.IOException"><![CDATA[java.io.IOException: Cannot run program "resource/upload_scrpt.exe": CreateProcess error=2, Íå óäàåòñÿ íàéòè óêàçàííûé ôàéë
	at java.lang.ProcessImpl.create(Native Method)
	at java.lang.ProcessImpl.<init>(Unknown Source)
	at java.lang.ProcessImpl.start(Unknown Source)
	at java.lang.ProcessBuilder.start(Unknown Source)
	at java.lang.Runtime.exec(Unknown Source)
	at java.lang.Runtime.exec(Unknown Source)
	at java.lang.Runtime.exec(Unknown Source)
	at upload.Upload.UploadTrack(Upload.java:27)
]]></failure>
    <system-out>--------------------------------------------------
Проверяет загрузку треков на сайт
STARTED: [Class=Upload] [Method=UploadTrack]
</system-out>
  </testcase>
  <testcase name="MusicHeader" classname="content.Headers" time="3.336"/>
  <testcase name="NovinkiHeader" classname="content.Headers" time="3.529"/>
  <testcase name="KazahHeader" classname="content.Headers" time="5.308"/>
  <testcase name="PlaylistHeader" classname="content.Headers" time="2.488"/>
  <testcase name="UploadHeader" classname="content.Headers" time="2.36"/>
</testsuite>