<?xml version="1.0" encoding="UTF-8"?>
<testng-results skipped="0" failed="0" total="1" passed="1">
  <reporter-output>
  </reporter-output>
  <suite name="Default suite" duration-ms="72727" started-at="2013-11-01T13:57:03Z" finished-at="2013-11-01T13:58:16Z">
    <groups>
    </groups>
    <test name="Default test" duration-ms="72727" started-at="2013-11-01T13:57:03Z" finished-at="2013-11-01T13:58:16Z">
      <class name="upload.Download">
        <test-method status="PASS" signature="getWebDriver()[pri:0, instance:upload.Download@109c4289]" name="getWebDriver" is-config="true" duration-ms="12" started-at="2013-11-01T15:57:03Z" finished-at="2013-11-01T15:57:03Z">
          <reporter-output>
          </reporter-output>
        </test-method> <!-- getWebDriver -->
        <test-method status="PASS" signature="download()[pri:0, instance:upload.Download@109c4289]" name="download" duration-ms="71065" started-at="2013-11-01T15:57:03Z" description="Проверяет скачку треков " finished-at="2013-11-01T15:58:14Z">
          <reporter-output>
          </reporter-output>
        </test-method> <!-- download -->
        <test-method status="PASS" signature="thearDown()[pri:0, instance:upload.Download@109c4289]" name="thearDown" is-config="true" duration-ms="1632" started-at="2013-11-01T15:58:14Z" finished-at="2013-11-01T15:58:16Z">
          <reporter-output>
          </reporter-output>
        </test-method> <!-- thearDown -->
      </class> <!-- upload.Download -->
    </test> <!-- Default test -->
  </suite> <!-- Default suite -->
</testng-results>
