<?xml version="1.0" encoding="UTF-8"?>
<!-- Generated by org.testng.reporters.JUnitReportReporter -->
<testsuite hostname="Voice-ПК" name="content.BlokTitles" tests="3" failures="0" timestamp="25 Oct 2013 10:58:14 GMT" time="18.616" errors="0">
  <testcase name="MusicTitles" time="10.335" classname="content.BlokTitles"/>
  <testcase name="NovinkiTitles" time="5.080" classname="content.BlokTitles"/>
  <testcase name="KazahTitles" time="3.201" classname="content.BlokTitles"/>
</testsuite> <!-- content.BlokTitles -->
